0 info it worked if it ends with ok
1 verbose cli [ '/usr/local/bin/node', '/usr/local/bin/npm', 'run', 'test' ]
2 info using npm@1.4.28
3 info using node@v0.10.33
4 verbose run-script [ 'pretest', 'test', 'posttest' ]
5 info pretest mapgive@2.1.0
6 info test mapgive@2.1.0
7 verbose unsafe-perm in lifecycle true
8 info mapgive@2.1.0 Failed to exec test script
9 error mapgive@2.1.0 test: `jshint . --exclude node_modules`
9 error Exit status 2
10 error Failed at the mapgive@2.1.0 test script.
10 error This is most likely a problem with the mapgive package,
10 error not with npm itself.
10 error Tell the author that this fails on your system:
10 error     jshint . --exclude node_modules
10 error You can get their info via:
10 error     npm owner ls mapgive
10 error There is likely additional logging output above.
11 error System Linux 3.11.0-15-generic
12 error command "/usr/local/bin/node" "/usr/local/bin/npm" "run" "test"
13 error cwd /mapgive_site_dev/Mapgive
14 error node -v v0.10.33
15 error npm -v 1.4.28
16 error code ELIFECYCLE
17 verbose exit [ 1, true ]
